<?xml version="1.0" encoding="UTF-8"?>
<!-- Generated by org.testng.reporters.JUnitReportReporter -->
<testsuite hostname="NOI-PG037B2M" failures="0" tests="4" name="LsbfAttemptToRecovery.LsbfErrorHandling.Lsbf_HomepageTest" time="4.368" errors="1" timestamp="2024-10-15T16:29:11 IST" skipped="2">
  <testcase classname="LsbfAttemptToRecovery.LsbfErrorHandling.Lsbf_HomepageTest" name="Test_Scenario" time="0.899">
    <skipped/>
  </testcase> <!-- Test_Scenario -->
  <system-out/>
  <testcase classname="LsbfAttemptToRecovery.LsbfErrorHandling.Lsbf_HomepageTest" name="Test_Scenario" time="0.042">
    <skipped/>
  </testcase> <!-- Test_Scenario -->
  <system-out/>
  <testcase classname="LsbfAttemptToRecovery.LsbfErrorHandling.Lsbf_HomepageTest" name="LaunchBrowser" time="3.392"/>
  <system-out/>
  <testcase classname="LsbfAttemptToRecovery.LsbfErrorHandling.Lsbf_HomepageTest" name="Test_Scenario" time="0.035">
    <error message="Cannot invoke &quot;org.openqa.selenium.SearchContext.findElement(org.openqa.selenium.By)&quot; because &quot;this.searchContext&quot; is null" type="java.lang.NullPointerException">
      <![CDATA[java.lang.NullPointerException: Cannot invoke "org.openqa.selenium.SearchContext.findElement(org.openqa.selenium.By)" because "this.searchContext" is null
at org.openqa.selenium.support.pagefactory.DefaultElementLocator.findElement(DefaultElementLocator.java:68)
at org.openqa.selenium.support.pagefactory.internal.LocatingElementHandler.invoke(LocatingElementHandler.java:38)
at jdk.proxy2/jdk.proxy2.$Proxy11.click(Unknown Source)
at LsbfAttemptToRecovery.LsbfErrorHandling.Lsbf_LoginPage.ClickLoginOption(Lsbf_LoginPage.java:36)
at LsbfAttemptToRecovery.LsbfErrorHandling.Lsbf_HomepageTest.Test_Scenario(Lsbf_HomepageTest.java:16)
at java.base/jdk.internal.reflect.DirectMethodHandleAccessor.invoke(DirectMethodHandleAccessor.java:103)
at java.base/java.lang.reflect.Method.invoke(Method.java:580)
at org.testng.internal.MethodInvocationHelper.invokeMethod(MethodInvocationHelper.java:133)
at org.testng.internal.TestInvoker.invokeMethod(TestInvoker.java:598)
at org.testng.internal.TestInvoker.retryFailed(TestInvoker.java:213)
at org.testng.internal.MethodRunner.runInSequence(MethodRunner.java:58)
at org.testng.internal.TestInvoker$MethodInvocationAgent.invoke(TestInvoker.java:824)
at org.testng.internal.TestInvoker.invokeTestMethods(TestInvoker.java:146)
at org.testng.internal.TestMethodWorker.invokeTestMethods(TestMethodWorker.java:146)
at org.testng.internal.TestMethodWorker.run(TestMethodWorker.java:128)
at java.base/java.util.ArrayList.forEach(ArrayList.java:1597)
at org.testng.TestRunner.privateRun(TestRunner.java:794)
at org.testng.TestRunner.run(TestRunner.java:596)
at org.testng.SuiteRunner.runTest(SuiteRunner.java:377)
at org.testng.SuiteRunner.runSequentially(SuiteRunner.java:371)
at org.testng.SuiteRunner.privateRun(SuiteRunner.java:332)
at org.testng.SuiteRunner.run(SuiteRunner.java:276)
at org.testng.SuiteRunnerWorker.runSuite(SuiteRunnerWorker.java:53)
at org.testng.SuiteRunnerWorker.run(SuiteRunnerWorker.java:96)
at org.testng.TestNG.runSuitesSequentially(TestNG.java:1212)
at org.testng.TestNG.runSuitesLocally(TestNG.java:1134)
at org.testng.TestNG.runSuites(TestNG.java:1063)
at org.testng.TestNG.run(TestNG.java:1031)
at org.testng.remote.AbstractRemoteTestNG.run(AbstractRemoteTestNG.java:115)
at org.testng.remote.RemoteTestNG.initAndRun(RemoteTestNG.java:293)
at org.testng.remote.RemoteTestNG.main(RemoteTestNG.java:91)
]]>
    </error>
  </testcase> <!-- Test_Scenario -->
  <system-out/>
</testsuite> <!-- LsbfAttemptToRecovery.LsbfErrorHandling.Lsbf_HomepageTest -->
