<?xml version="1.0" encoding="UTF-8"?>
<!-- Generated by org.testng.reporters.JUnitReportReporter -->
<testsuite hostname="NOI-PG037B2M" failures="0" tests="1" name="LsbfAttemptToRecovery.LsbfErrorHandling.Lsbf_AboutUsPage_Test" time="61.516" errors="0" timestamp="2024-10-17T02:42:43 IST" skipped="0">
  <testcase classname="LsbfAttemptToRecovery.LsbfErrorHandling.Lsbf_AboutUsPage_Test" name="AboutUs_Test" time="61.516"/>
  <system-out/>
</testsuite> <!-- LsbfAttemptToRecovery.LsbfErrorHandling.Lsbf_AboutUsPage_Test -->
