<?xml version="1.0" encoding="UTF-8"?>
<!-- Generated by org.testng.reporters.JUnitReportReporter -->
<testsuite hostname="NOI-PG037B2M" failures="0" tests="1" name="IbatAttemptToRecovery.IbatErrorHandling.Ibat_AttemptToRecovery_Template_Test" time="431.040" errors="0" timestamp="2024-11-27T15:01:16 IST" skipped="0">
  <testcase classname="IbatAttemptToRecovery.IbatErrorHandling.Ibat_AttemptToRecovery_Template_Test" name="AttempBlockRecover_Templates_Test" time="431.040"/>
  <system-out/>
</testsuite> <!-- IbatAttemptToRecovery.IbatErrorHandling.Ibat_AttemptToRecovery_Template_Test -->
