<?xml version="1.0" encoding="UTF-8"?>
<!-- Generated by org.testng.reporters.JUnitReportReporter -->
<testsuite hostname="NOI-PG037B2M" failures="0" tests="1" name="IbatAttemptToRecovery.IbatErrorHandling.Ibat_AttemptToRecoveryTest" time="454.966" errors="0" timestamp="2024-11-22T15:28:22 IST" skipped="0">
  <testcase classname="IbatAttemptToRecovery.IbatErrorHandling.Ibat_AttemptToRecoveryTest" name="AluminiPage_Test" time="454.966"/>
  <system-out/>
</testsuite> <!-- IbatAttemptToRecovery.IbatErrorHandling.Ibat_AttemptToRecoveryTest -->
