<?xml version="1.0" encoding="UTF-8"?>
<!-- Generated by org.testng.reporters.JUnitReportReporter -->
<testsuite hostname="NOI-PG037B2M" failures="0" tests="1" name="LsbfAttemptToRecovery.LsbfErrorHandling.Lsbf_HomePage_test" time="50.682" errors="0" timestamp="2024-10-16T14:59:29 IST" skipped="0">
  <testcase classname="LsbfAttemptToRecovery.LsbfErrorHandling.Lsbf_HomePage_test" name="testLogin" time="50.682"/>
  <system-out/>
</testsuite> <!-- LsbfAttemptToRecovery.LsbfErrorHandling.Lsbf_HomePage_test -->
