<?xml version="1.0" encoding="UTF-8"?>
<!-- Generated by org.testng.reporters.JUnitReportReporter -->
<testsuite hostname="NOI-PG037B2M" failures="0" tests="1" name="LsbfAttemptToRecovery.LsbfErrorHandling.Lsbf_AttemptToRecoveryTest" time="17.018" errors="0" timestamp="2024-11-19T16:08:24 IST" skipped="0">
  <testcase classname="LsbfAttemptToRecovery.LsbfErrorHandling.Lsbf_AttemptToRecoveryTest" name="AluminiPage_Test" time="17.018"/>
  <system-out/>
</testsuite> <!-- LsbfAttemptToRecovery.LsbfErrorHandling.Lsbf_AttemptToRecoveryTest -->
