<?xml version="1.0" encoding="UTF-8"?>
<!-- Generated by org.testng.reporters.JUnitReportReporter -->
<testsuite hostname="NOI-PG037B2M" failures="0" tests="1" name="LsbfAttemptToRecovery.LsbfErrorHandling.Lsbf_AdvanceDiploma_Test" time="58.201" errors="0" timestamp="2024-10-21T11:42:25 IST" skipped="0">
  <testcase classname="LsbfAttemptToRecovery.LsbfErrorHandling.Lsbf_AdvanceDiploma_Test" name="AdvanceDiploma_Test" time="58.201"/>
  <system-out/>
</testsuite> <!-- LsbfAttemptToRecovery.LsbfErrorHandling.Lsbf_AdvanceDiploma_Test -->
